Distributed training: False
Set random seed to 0
**********************Start training**********************
finding looplift candidates
finding looplift candidates
finding looplift candidates
finding looplift candidates
finding looplift candidates
finding looplift candidates
finding looplift candidates
finding looplift candidates
finding looplift candidates
finding looplift candidates
finding looplift candidates
finding looplift candidates
finding looplift candidates
finding looplift candidates
finding looplift candidates
finding looplift candidates
epoch[1][20/1856]: lr: 0.000300, aux_loss_cls: 0.253157, aux_loss_reg: 0.940500, rpn_loc_loss: 4.069144, rpn_cls_loss: 6.541331, rpn_dir_loss: 0.176118, loss_cls: 28.971064, loss: 40.951315
epoch[1][40/1856]: lr: 0.000300, aux_loss_cls: 0.201537, aux_loss_reg: 0.884446, rpn_loc_loss: 1.879850, rpn_cls_loss: 0.801361, rpn_dir_loss: 0.139560, loss_cls: 8.475973, loss: 12.382728
epoch[1][60/1856]: lr: 0.000300, aux_loss_cls: 0.123282, aux_loss_reg: 0.770850, rpn_loc_loss: 1.555157, rpn_cls_loss: 0.672318, rpn_dir_loss: 0.137685, loss_cls: 3.639664, loss: 6.898956
epoch[1][80/1856]: lr: 0.000300, aux_loss_cls: 0.116986, aux_loss_reg: 0.792635, rpn_loc_loss: 1.554886, rpn_cls_loss: 0.641769, rpn_dir_loss: 0.140474, loss_cls: 1.392653, loss: 4.639403
epoch[1][100/1856]: lr: 0.000300, aux_loss_cls: 0.102819, aux_loss_reg: 0.679449, rpn_loc_loss: 1.685873, rpn_cls_loss: 0.678054, rpn_dir_loss: 0.140960, loss_cls: 2.038801, loss: 5.325956
epoch[1][120/1856]: lr: 0.000300, aux_loss_cls: 0.107530, aux_loss_reg: 0.681591, rpn_loc_loss: 1.430748, rpn_cls_loss: 0.623432, rpn_dir_loss: 0.137968, loss_cls: 0.945294, loss: 3.926563
epoch[1][140/1856]: lr: 0.000300, aux_loss_cls: 0.106959, aux_loss_reg: 0.692667, rpn_loc_loss: 1.251317, rpn_cls_loss: 0.587513, rpn_dir_loss: 0.138240, loss_cls: 0.401657, loss: 3.178353
epoch[1][160/1856]: lr: 0.000300, aux_loss_cls: 0.094589, aux_loss_reg: 0.622903, rpn_loc_loss: 1.107029, rpn_cls_loss: 0.566534, rpn_dir_loss: 0.139051, loss_cls: 0.473887, loss: 3.003993
epoch[1][180/1856]: lr: 0.000300, aux_loss_cls: 0.092550, aux_loss_reg: 0.599240, rpn_loc_loss: 1.083227, rpn_cls_loss: 0.552752, rpn_dir_loss: 0.138168, loss_cls: 0.334369, loss: 2.800307
epoch[1][200/1856]: lr: 0.000300, aux_loss_cls: 0.082940, aux_loss_reg: 0.571579, rpn_loc_loss: 1.012666, rpn_cls_loss: 0.531509, rpn_dir_loss: 0.134438, loss_cls: 0.301488, loss: 2.634620
epoch[1][220/1856]: lr: 0.000300, aux_loss_cls: 0.075200, aux_loss_reg: 0.507463, rpn_loc_loss: 0.937493, rpn_cls_loss: 0.513561, rpn_dir_loss: 0.137099, loss_cls: 0.306689, loss: 2.477504
epoch[1][240/1856]: lr: 0.000300, aux_loss_cls: 0.075275, aux_loss_reg: 0.483674, rpn_loc_loss: 0.928030, rpn_cls_loss: 0.469228, rpn_dir_loss: 0.137100, loss_cls: 0.287370, loss: 2.380677
epoch[1][260/1856]: lr: 0.000300, aux_loss_cls: 0.067476, aux_loss_reg: 0.494619, rpn_loc_loss: 0.832489, rpn_cls_loss: 0.486309, rpn_dir_loss: 0.136873, loss_cls: 0.285209, loss: 2.302974
epoch[1][280/1856]: lr: 0.000300, aux_loss_cls: 0.070407, aux_loss_reg: 0.463426, rpn_loc_loss: 0.782387, rpn_cls_loss: 0.466880, rpn_dir_loss: 0.135401, loss_cls: 0.271739, loss: 2.190239
epoch[1][300/1856]: lr: 0.000300, aux_loss_cls: 0.062846, aux_loss_reg: 0.441230, rpn_loc_loss: 0.828192, rpn_cls_loss: 0.453999, rpn_dir_loss: 0.132170, loss_cls: 0.267349, loss: 2.185785
epoch[1][320/1856]: lr: 0.000300, aux_loss_cls: 0.062769, aux_loss_reg: 0.460899, rpn_loc_loss: 0.807938, rpn_cls_loss: 0.433154, rpn_dir_loss: 0.135817, loss_cls: 0.253673, loss: 2.154249
epoch[1][340/1856]: lr: 0.000300, aux_loss_cls: 0.058757, aux_loss_reg: 0.448435, rpn_loc_loss: 0.846909, rpn_cls_loss: 0.444538, rpn_dir_loss: 0.130788, loss_cls: 0.268591, loss: 2.198019
epoch[1][360/1856]: lr: 0.000300, aux_loss_cls: 0.059038, aux_loss_reg: 0.437496, rpn_loc_loss: 0.809341, rpn_cls_loss: 0.427449, rpn_dir_loss: 0.134001, loss_cls: 0.261687, loss: 2.129010
epoch[1][380/1856]: lr: 0.000300, aux_loss_cls: 0.053535, aux_loss_reg: 0.404500, rpn_loc_loss: 0.767415, rpn_cls_loss: 0.421205, rpn_dir_loss: 0.134837, loss_cls: 0.241221, loss: 2.022712
epoch[1][400/1856]: lr: 0.000300, aux_loss_cls: 0.049940, aux_loss_reg: 0.391281, rpn_loc_loss: 0.764182, rpn_cls_loss: 0.417320, rpn_dir_loss: 0.137948, loss_cls: 0.249691, loss: 2.010361
epoch[1][420/1856]: lr: 0.000300, aux_loss_cls: 0.054551, aux_loss_reg: 0.433084, rpn_loc_loss: 0.769901, rpn_cls_loss: 0.403158, rpn_dir_loss: 0.138470, loss_cls: 0.247747, loss: 2.046911
epoch[1][440/1856]: lr: 0.000300, aux_loss_cls: 0.049491, aux_loss_reg: 0.423360, rpn_loc_loss: 0.756256, rpn_cls_loss: 0.407571, rpn_dir_loss: 0.135608, loss_cls: 0.238742, loss: 2.011027
epoch[1][460/1856]: lr: 0.000300, aux_loss_cls: 0.049342, aux_loss_reg: 0.386252, rpn_loc_loss: 0.708842, rpn_cls_loss: 0.412179, rpn_dir_loss: 0.133647, loss_cls: 0.236053, loss: 1.926315
epoch[1][480/1856]: lr: 0.000300, aux_loss_cls: 0.043926, aux_loss_reg: 0.370046, rpn_loc_loss: 0.684049, rpn_cls_loss: 0.396404, rpn_dir_loss: 0.134819, loss_cls: 0.221529, loss: 1.850773
epoch[1][500/1856]: lr: 0.000300, aux_loss_cls: 0.051460, aux_loss_reg: 0.406769, rpn_loc_loss: 0.744497, rpn_cls_loss: 0.390058, rpn_dir_loss: 0.134105, loss_cls: 0.234398, loss: 1.961288
epoch[1][520/1856]: lr: 0.000301, aux_loss_cls: 0.049081, aux_loss_reg: 0.390698, rpn_loc_loss: 0.673835, rpn_cls_loss: 0.382051, rpn_dir_loss: 0.134424, loss_cls: 0.219692, loss: 1.849781
epoch[1][540/1856]: lr: 0.000301, aux_loss_cls: 0.047215, aux_loss_reg: 0.383316, rpn_loc_loss: 0.655898, rpn_cls_loss: 0.372784, rpn_dir_loss: 0.135109, loss_cls: 0.222355, loss: 1.816676
epoch[1][560/1856]: lr: 0.000301, aux_loss_cls: 0.050434, aux_loss_reg: 0.343411, rpn_loc_loss: 0.621410, rpn_cls_loss: 0.347663, rpn_dir_loss: 0.134405, loss_cls: 0.208028, loss: 1.705352
epoch[1][580/1856]: lr: 0.000301, aux_loss_cls: 0.046848, aux_loss_reg: 0.372419, rpn_loc_loss: 0.638507, rpn_cls_loss: 0.348263, rpn_dir_loss: 0.132996, loss_cls: 0.203567, loss: 1.742600
epoch[1][600/1856]: lr: 0.000301, aux_loss_cls: 0.046486, aux_loss_reg: 0.388738, rpn_loc_loss: 0.609165, rpn_cls_loss: 0.335839, rpn_dir_loss: 0.134623, loss_cls: 0.190061, loss: 1.704913
epoch[1][620/1856]: lr: 0.000301, aux_loss_cls: 0.040531, aux_loss_reg: 0.342935, rpn_loc_loss: 0.601355, rpn_cls_loss: 0.336668, rpn_dir_loss: 0.135186, loss_cls: 0.199628, loss: 1.656303
epoch[1][640/1856]: lr: 0.000301, aux_loss_cls: 0.041396, aux_loss_reg: 0.331086, rpn_loc_loss: 0.679940, rpn_cls_loss: 0.337571, rpn_dir_loss: 0.134219, loss_cls: 0.199588, loss: 1.723800
epoch[1][660/1856]: lr: 0.000301, aux_loss_cls: 0.044354, aux_loss_reg: 0.336532, rpn_loc_loss: 0.597081, rpn_cls_loss: 0.319329, rpn_dir_loss: 0.131532, loss_cls: 0.197107, loss: 1.625935
epoch[1][680/1856]: lr: 0.000301, aux_loss_cls: 0.039321, aux_loss_reg: 0.329667, rpn_loc_loss: 0.584323, rpn_cls_loss: 0.319055, rpn_dir_loss: 0.130475, loss_cls: 0.200815, loss: 1.603657
epoch[1][700/1856]: lr: 0.000301, aux_loss_cls: 0.044221, aux_loss_reg: 0.308896, rpn_loc_loss: 0.618730, rpn_cls_loss: 0.327372, rpn_dir_loss: 0.132292, loss_cls: 0.190941, loss: 1.622453
epoch[1][720/1856]: lr: 0.000301, aux_loss_cls: 0.042122, aux_loss_reg: 0.315649, rpn_loc_loss: 0.625334, rpn_cls_loss: 0.324344, rpn_dir_loss: 0.134329, loss_cls: 0.191799, loss: 1.633576
epoch[1][740/1856]: lr: 0.000301, aux_loss_cls: 0.040383, aux_loss_reg: 0.323679, rpn_loc_loss: 0.631114, rpn_cls_loss: 0.304239, rpn_dir_loss: 0.136625, loss_cls: 0.183716, loss: 1.619755
epoch[1][760/1856]: lr: 0.000301, aux_loss_cls: 0.053843, aux_loss_reg: 0.323286, rpn_loc_loss: 0.636601, rpn_cls_loss: 0.322109, rpn_dir_loss: 0.135507, loss_cls: 0.180301, loss: 1.651648
epoch[1][780/1856]: lr: 0.000301, aux_loss_cls: 0.046616, aux_loss_reg: 0.315315, rpn_loc_loss: 0.615613, rpn_cls_loss: 0.315081, rpn_dir_loss: 0.134217, loss_cls: 0.181354, loss: 1.608197
epoch[1][800/1856]: lr: 0.000301, aux_loss_cls: 0.043183, aux_loss_reg: 0.321651, rpn_loc_loss: 0.607972, rpn_cls_loss: 0.314829, rpn_dir_loss: 0.130363, loss_cls: 0.190058, loss: 1.608057
epoch[1][820/1856]: lr: 0.000301, aux_loss_cls: 0.038644, aux_loss_reg: 0.287957, rpn_loc_loss: 0.603463, rpn_cls_loss: 0.298248, rpn_dir_loss: 0.134923, loss_cls: 0.170041, loss: 1.533277
epoch[1][840/1856]: lr: 0.000301, aux_loss_cls: 0.046085, aux_loss_reg: 0.302492, rpn_loc_loss: 0.651766, rpn_cls_loss: 0.300341, rpn_dir_loss: 0.130543, loss_cls: 0.185820, loss: 1.617047
epoch[1][860/1856]: lr: 0.000301, aux_loss_cls: 0.038467, aux_loss_reg: 0.278691, rpn_loc_loss: 0.545598, rpn_cls_loss: 0.275119, rpn_dir_loss: 0.131746, loss_cls: 0.174067, loss: 1.443688
epoch[1][880/1856]: lr: 0.000301, aux_loss_cls: 0.037666, aux_loss_reg: 0.295766, rpn_loc_loss: 0.562298, rpn_cls_loss: 0.275459, rpn_dir_loss: 0.131898, loss_cls: 0.176240, loss: 1.479328
epoch[1][900/1856]: lr: 0.000302, aux_loss_cls: 0.039660, aux_loss_reg: 0.303572, rpn_loc_loss: 0.565435, rpn_cls_loss: 0.274765, rpn_dir_loss: 0.132468, loss_cls: 0.173614, loss: 1.489514
epoch[1][920/1856]: lr: 0.000302, aux_loss_cls: 0.039253, aux_loss_reg: 0.275397, rpn_loc_loss: 0.551502, rpn_cls_loss: 0.274585, rpn_dir_loss: 0.132754, loss_cls: 0.171996, loss: 1.445486
epoch[1][940/1856]: lr: 0.000302, aux_loss_cls: 0.036651, aux_loss_reg: 0.308390, rpn_loc_loss: 0.548679, rpn_cls_loss: 0.275100, rpn_dir_loss: 0.132813, loss_cls: 0.156371, loss: 1.458004
epoch[1][960/1856]: lr: 0.000302, aux_loss_cls: 0.038287, aux_loss_reg: 0.267582, rpn_loc_loss: 0.533574, rpn_cls_loss: 0.257064, rpn_dir_loss: 0.133711, loss_cls: 0.154984, loss: 1.385201
epoch[1][980/1856]: lr: 0.000302, aux_loss_cls: 0.037110, aux_loss_reg: 0.276520, rpn_loc_loss: 0.551336, rpn_cls_loss: 0.276159, rpn_dir_loss: 0.132844, loss_cls: 0.162873, loss: 1.436843
epoch[1][1000/1856]: lr: 0.000302, aux_loss_cls: 0.036690, aux_loss_reg: 0.280418, rpn_loc_loss: 0.507387, rpn_cls_loss: 0.248980, rpn_dir_loss: 0.129311, loss_cls: 0.152188, loss: 1.354974
epoch[1][1020/1856]: lr: 0.000302, aux_loss_cls: 0.033815, aux_loss_reg: 0.254503, rpn_loc_loss: 0.490166, rpn_cls_loss: 0.245145, rpn_dir_loss: 0.131576, loss_cls: 0.149436, loss: 1.304641
epoch[1][1040/1856]: lr: 0.000302, aux_loss_cls: 0.036580, aux_loss_reg: 0.263241, rpn_loc_loss: 0.545921, rpn_cls_loss: 0.264201, rpn_dir_loss: 0.127176, loss_cls: 0.155195, loss: 1.392314
epoch[1][1060/1856]: lr: 0.000302, aux_loss_cls: 0.040052, aux_loss_reg: 0.289080, rpn_loc_loss: 0.549182, rpn_cls_loss: 0.272822, rpn_dir_loss: 0.129884, loss_cls: 0.152200, loss: 1.433220
epoch[1][1080/1856]: lr: 0.000302, aux_loss_cls: 0.036970, aux_loss_reg: 0.286603, rpn_loc_loss: 0.611303, rpn_cls_loss: 0.267723, rpn_dir_loss: 0.129232, loss_cls: 0.159301, loss: 1.491133
epoch[1][1100/1856]: lr: 0.000302, aux_loss_cls: 0.038266, aux_loss_reg: 0.307117, rpn_loc_loss: 0.558873, rpn_cls_loss: 0.262369, rpn_dir_loss: 0.129030, loss_cls: 0.161079, loss: 1.456734
epoch[1][1120/1856]: lr: 0.000302, aux_loss_cls: 0.035303, aux_loss_reg: 0.271206, rpn_loc_loss: 0.531125, rpn_cls_loss: 0.243938, rpn_dir_loss: 0.129391, loss_cls: 0.143151, loss: 1.354115
epoch[1][1140/1856]: lr: 0.000302, aux_loss_cls: 0.034218, aux_loss_reg: 0.271420, rpn_loc_loss: 0.523055, rpn_cls_loss: 0.253834, rpn_dir_loss: 0.128230, loss_cls: 0.147204, loss: 1.357961
epoch[1][1160/1856]: lr: 0.000303, aux_loss_cls: 0.038799, aux_loss_reg: 0.277861, rpn_loc_loss: 0.575010, rpn_cls_loss: 0.267644, rpn_dir_loss: 0.127869, loss_cls: 0.165214, loss: 1.452397
epoch[1][1180/1856]: lr: 0.000303, aux_loss_cls: 0.038555, aux_loss_reg: 0.255332, rpn_loc_loss: 0.572726, rpn_cls_loss: 0.256939, rpn_dir_loss: 0.129167, loss_cls: 0.160776, loss: 1.413494
epoch[1][1200/1856]: lr: 0.000303, aux_loss_cls: 0.036316, aux_loss_reg: 0.276586, rpn_loc_loss: 0.515489, rpn_cls_loss: 0.244462, rpn_dir_loss: 0.127708, loss_cls: 0.140538, loss: 1.341099
epoch[1][1220/1856]: lr: 0.000303, aux_loss_cls: 0.033325, aux_loss_reg: 0.274510, rpn_loc_loss: 0.476426, rpn_cls_loss: 0.230781, rpn_dir_loss: 0.127646, loss_cls: 0.143497, loss: 1.286185
epoch[1][1240/1856]: lr: 0.000303, aux_loss_cls: 0.034811, aux_loss_reg: 0.243388, rpn_loc_loss: 0.474222, rpn_cls_loss: 0.240589, rpn_dir_loss: 0.125775, loss_cls: 0.142122, loss: 1.260907
epoch[1][1260/1856]: lr: 0.000303, aux_loss_cls: 0.034951, aux_loss_reg: 0.247834, rpn_loc_loss: 0.491752, rpn_cls_loss: 0.221692, rpn_dir_loss: 0.121696, loss_cls: 0.142829, loss: 1.260753
epoch[1][1280/1856]: lr: 0.000303, aux_loss_cls: 0.032814, aux_loss_reg: 0.242901, rpn_loc_loss: 0.511414, rpn_cls_loss: 0.232116, rpn_dir_loss: 0.125715, loss_cls: 0.134776, loss: 1.279736
epoch[1][1300/1856]: lr: 0.000303, aux_loss_cls: 0.034816, aux_loss_reg: 0.247524, rpn_loc_loss: 0.486096, rpn_cls_loss: 0.233772, rpn_dir_loss: 0.129482, loss_cls: 0.137393, loss: 1.269082
epoch[1][1320/1856]: lr: 0.000303, aux_loss_cls: 0.034600, aux_loss_reg: 0.248305, rpn_loc_loss: 0.493280, rpn_cls_loss: 0.229311, rpn_dir_loss: 0.125333, loss_cls: 0.132870, loss: 1.263699
epoch[1][1340/1856]: lr: 0.000303, aux_loss_cls: 0.039620, aux_loss_reg: 0.302696, rpn_loc_loss: 0.529432, rpn_cls_loss: 0.252384, rpn_dir_loss: 0.125634, loss_cls: 0.147269, loss: 1.397035
epoch[1][1360/1856]: lr: 0.000303, aux_loss_cls: 0.034256, aux_loss_reg: 0.237014, rpn_loc_loss: 0.504218, rpn_cls_loss: 0.235660, rpn_dir_loss: 0.122641, loss_cls: 0.146608, loss: 1.280398
epoch[1][1380/1856]: lr: 0.000304, aux_loss_cls: 0.034008, aux_loss_reg: 0.250811, rpn_loc_loss: 0.486616, rpn_cls_loss: 0.226025, rpn_dir_loss: 0.121674, loss_cls: 0.145061, loss: 1.264195
epoch[1][1400/1856]: lr: 0.000304, aux_loss_cls: 0.031632, aux_loss_reg: 0.237929, rpn_loc_loss: 0.529204, rpn_cls_loss: 0.247906, rpn_dir_loss: 0.121480, loss_cls: 0.132696, loss: 1.300847
epoch[1][1420/1856]: lr: 0.000304, aux_loss_cls: 0.029916, aux_loss_reg: 0.244020, rpn_loc_loss: 0.450736, rpn_cls_loss: 0.214709, rpn_dir_loss: 0.119375, loss_cls: 0.128689, loss: 1.187446
epoch[1][1440/1856]: lr: 0.000304, aux_loss_cls: 0.040168, aux_loss_reg: 0.258029, rpn_loc_loss: 0.435169, rpn_cls_loss: 0.197970, rpn_dir_loss: 0.123302, loss_cls: 0.123419, loss: 1.178058
epoch[1][1460/1856]: lr: 0.000304, aux_loss_cls: 0.034791, aux_loss_reg: 0.250451, rpn_loc_loss: 0.465219, rpn_cls_loss: 0.227633, rpn_dir_loss: 0.119833, loss_cls: 0.122883, loss: 1.220811
epoch[1][1480/1856]: lr: 0.000304, aux_loss_cls: 0.037171, aux_loss_reg: 0.262236, rpn_loc_loss: 0.466428, rpn_cls_loss: 0.242241, rpn_dir_loss: 0.116839, loss_cls: 0.137059, loss: 1.261974
epoch[1][1500/1856]: lr: 0.000304, aux_loss_cls: 0.032888, aux_loss_reg: 0.244036, rpn_loc_loss: 0.503104, rpn_cls_loss: 0.243396, rpn_dir_loss: 0.118924, loss_cls: 0.128749, loss: 1.271097
epoch[1][1520/1856]: lr: 0.000304, aux_loss_cls: 0.032908, aux_loss_reg: 0.236605, rpn_loc_loss: 0.482335, rpn_cls_loss: 0.219791, rpn_dir_loss: 0.117014, loss_cls: 0.134451, loss: 1.223106
epoch[1][1540/1856]: lr: 0.000304, aux_loss_cls: 0.036380, aux_loss_reg: 0.261529, rpn_loc_loss: 0.496294, rpn_cls_loss: 0.237529, rpn_dir_loss: 0.119595, loss_cls: 0.145348, loss: 1.296675
epoch[1][1560/1856]: lr: 0.000305, aux_loss_cls: 0.031098, aux_loss_reg: 0.239728, rpn_loc_loss: 0.498585, rpn_cls_loss: 0.225301, rpn_dir_loss: 0.113687, loss_cls: 0.127460, loss: 1.235859
epoch[1][1580/1856]: lr: 0.000305, aux_loss_cls: 0.032702, aux_loss_reg: 0.246526, rpn_loc_loss: 0.463357, rpn_cls_loss: 0.203535, rpn_dir_loss: 0.117062, loss_cls: 0.127593, loss: 1.190776
epoch[1][1600/1856]: lr: 0.000305, aux_loss_cls: 0.037641, aux_loss_reg: 0.265471, rpn_loc_loss: 0.465256, rpn_cls_loss: 0.214924, rpn_dir_loss: 0.109223, loss_cls: 0.126165, loss: 1.218679
epoch[1][1620/1856]: lr: 0.000305, aux_loss_cls: 0.031068, aux_loss_reg: 0.221153, rpn_loc_loss: 0.465777, rpn_cls_loss: 0.206111, rpn_dir_loss: 0.110391, loss_cls: 0.123730, loss: 1.158230
epoch[1][1640/1856]: lr: 0.000305, aux_loss_cls: 0.032545, aux_loss_reg: 0.234651, rpn_loc_loss: 0.449027, rpn_cls_loss: 0.212736, rpn_dir_loss: 0.109984, loss_cls: 0.120939, loss: 1.159883
epoch[1][1660/1856]: lr: 0.000305, aux_loss_cls: 0.032066, aux_loss_reg: 0.236991, rpn_loc_loss: 0.483946, rpn_cls_loss: 0.207295, rpn_dir_loss: 0.110055, loss_cls: 0.123854, loss: 1.194206
epoch[1][1680/1856]: lr: 0.000305, aux_loss_cls: 0.031594, aux_loss_reg: 0.236750, rpn_loc_loss: 0.481698, rpn_cls_loss: 0.210512, rpn_dir_loss: 0.107815, loss_cls: 0.119856, loss: 1.188225
epoch[1][1700/1856]: lr: 0.000305, aux_loss_cls: 0.031871, aux_loss_reg: 0.237838, rpn_loc_loss: 0.459037, rpn_cls_loss: 0.211264, rpn_dir_loss: 0.108383, loss_cls: 0.115991, loss: 1.164382
epoch[1][1720/1856]: lr: 0.000306, aux_loss_cls: 0.035792, aux_loss_reg: 0.239653, rpn_loc_loss: 0.485893, rpn_cls_loss: 0.216489, rpn_dir_loss: 0.104044, loss_cls: 0.121862, loss: 1.203733
epoch[1][1740/1856]: lr: 0.000306, aux_loss_cls: 0.032229, aux_loss_reg: 0.247024, rpn_loc_loss: 0.468013, rpn_cls_loss: 0.234670, rpn_dir_loss: 0.108264, loss_cls: 0.122284, loss: 1.212485
epoch[1][1760/1856]: lr: 0.000306, aux_loss_cls: 0.031052, aux_loss_reg: 0.228037, rpn_loc_loss: 0.450503, rpn_cls_loss: 0.200462, rpn_dir_loss: 0.099426, loss_cls: 0.121721, loss: 1.131201
epoch[1][1780/1856]: lr: 0.000306, aux_loss_cls: 0.036352, aux_loss_reg: 0.252837, rpn_loc_loss: 0.472689, rpn_cls_loss: 0.214699, rpn_dir_loss: 0.108495, loss_cls: 0.126873, loss: 1.211945
epoch[1][1800/1856]: lr: 0.000306, aux_loss_cls: 0.029486, aux_loss_reg: 0.220575, rpn_loc_loss: 0.446777, rpn_cls_loss: 0.204874, rpn_dir_loss: 0.108609, loss_cls: 0.115694, loss: 1.126016
epoch[1][1820/1856]: lr: 0.000306, aux_loss_cls: 0.030654, aux_loss_reg: 0.232208, rpn_loc_loss: 0.460032, rpn_cls_loss: 0.207375, rpn_dir_loss: 0.105356, loss_cls: 0.118484, loss: 1.154108
epoch[1][1840/1856]: lr: 0.000306, aux_loss_cls: 0.027650, aux_loss_reg: 0.212827, rpn_loc_loss: 0.467149, rpn_cls_loss: 0.206769, rpn_dir_loss: 0.099426, loss_cls: 0.118568, loss: 1.132388
finding looplift candidates
finding looplift candidates
finding looplift candidates
finding looplift candidates
finding looplift candidates
finding looplift candidates
finding looplift candidates
finding looplift candidates
finding looplift candidates
finding looplift candidates
finding looplift candidates
finding looplift candidates
finding looplift candidates
finding looplift candidates
finding looplift candidates
finding looplift candidates
epoch[2][20/1856]: lr: 0.000307, aux_loss_cls: 0.029952, aux_loss_reg: 0.213831, rpn_loc_loss: 0.481136, rpn_cls_loss: 0.210327, rpn_dir_loss: 0.090273, loss_cls: 0.121352, loss: 1.146871
epoch[2][40/1856]: lr: 0.000307, aux_loss_cls: 0.039199, aux_loss_reg: 0.270211, rpn_loc_loss: 0.524274, rpn_cls_loss: 0.239394, rpn_dir_loss: 0.097513, loss_cls: 0.127054, loss: 1.297646
epoch[2][60/1856]: lr: 0.000307, aux_loss_cls: 0.034233, aux_loss_reg: 0.256832, rpn_loc_loss: 0.449479, rpn_cls_loss: 0.222455, rpn_dir_loss: 0.095604, loss_cls: 0.118850, loss: 1.177453
epoch[2][80/1856]: lr: 0.000307, aux_loss_cls: 0.033912, aux_loss_reg: 0.233834, rpn_loc_loss: 0.461777, rpn_cls_loss: 0.223122, rpn_dir_loss: 0.104421, loss_cls: 0.117985, loss: 1.175052
epoch[2][100/1856]: lr: 0.000307, aux_loss_cls: 0.030827, aux_loss_reg: 0.254191, rpn_loc_loss: 0.499874, rpn_cls_loss: 0.222509, rpn_dir_loss: 0.101651, loss_cls: 0.122035, loss: 1.231087
epoch[2][120/1856]: lr: 0.000307, aux_loss_cls: 0.031644, aux_loss_reg: 0.214822, rpn_loc_loss: 0.453544, rpn_cls_loss: 0.203083, rpn_dir_loss: 0.100549, loss_cls: 0.117833, loss: 1.121476
epoch[2][140/1856]: lr: 0.000308, aux_loss_cls: 0.031047, aux_loss_reg: 0.230330, rpn_loc_loss: 0.439328, rpn_cls_loss: 0.204865, rpn_dir_loss: 0.088048, loss_cls: 0.122623, loss: 1.116242
epoch[2][160/1856]: lr: 0.000308, aux_loss_cls: 0.027584, aux_loss_reg: 0.211191, rpn_loc_loss: 0.416927, rpn_cls_loss: 0.174420, rpn_dir_loss: 0.097070, loss_cls: 0.103819, loss: 1.031011
epoch[2][180/1856]: lr: 0.000308, aux_loss_cls: 0.035570, aux_loss_reg: 0.236624, rpn_loc_loss: 0.506947, rpn_cls_loss: 0.216934, rpn_dir_loss: 0.098032, loss_cls: 0.119854, loss: 1.213961
epoch[2][200/1856]: lr: 0.000308, aux_loss_cls: 0.034206, aux_loss_reg: 0.246613, rpn_loc_loss: 0.437888, rpn_cls_loss: 0.212368, rpn_dir_loss: 0.097128, loss_cls: 0.126169, loss: 1.154372
epoch[2][220/1856]: lr: 0.000308, aux_loss_cls: 0.028950, aux_loss_reg: 0.223113, rpn_loc_loss: 0.473376, rpn_cls_loss: 0.210362, rpn_dir_loss: 0.100205, loss_cls: 0.123363, loss: 1.159367
epoch[2][240/1856]: lr: 0.000308, aux_loss_cls: 0.031476, aux_loss_reg: 0.234719, rpn_loc_loss: 0.461768, rpn_cls_loss: 0.219613, rpn_dir_loss: 0.100313, loss_cls: 0.120561, loss: 1.168450
epoch[2][260/1856]: lr: 0.000308, aux_loss_cls: 0.032126, aux_loss_reg: 0.221257, rpn_loc_loss: 0.465464, rpn_cls_loss: 0.212612, rpn_dir_loss: 0.096473, loss_cls: 0.113508, loss: 1.141439
epoch[2][280/1856]: lr: 0.000309, aux_loss_cls: 0.032266, aux_loss_reg: 0.222842, rpn_loc_loss: 0.497633, rpn_cls_loss: 0.220832, rpn_dir_loss: 0.098069, loss_cls: 0.125067, loss: 1.196710
epoch[2][300/1856]: lr: 0.000309, aux_loss_cls: 0.030186, aux_loss_reg: 0.239403, rpn_loc_loss: 0.482667, rpn_cls_loss: 0.225494, rpn_dir_loss: 0.093749, loss_cls: 0.123318, loss: 1.194818
epoch[2][320/1856]: lr: 0.000309, aux_loss_cls: 0.027166, aux_loss_reg: 0.211834, rpn_loc_loss: 0.423996, rpn_cls_loss: 0.182692, rpn_dir_loss: 0.094618, loss_cls: 0.112393, loss: 1.052699
epoch[2][340/1856]: lr: 0.000309, aux_loss_cls: 0.034820, aux_loss_reg: 0.237710, rpn_loc_loss: 0.506650, rpn_cls_loss: 0.215389, rpn_dir_loss: 0.096316, loss_cls: 0.122055, loss: 1.212940
epoch[2][360/1856]: lr: 0.000309, aux_loss_cls: 0.028458, aux_loss_reg: 0.207003, rpn_loc_loss: 0.460351, rpn_cls_loss: 0.196278, rpn_dir_loss: 0.091931, loss_cls: 0.114363, loss: 1.098383
epoch[2][380/1856]: lr: 0.000309, aux_loss_cls: 0.027340, aux_loss_reg: 0.203367, rpn_loc_loss: 0.427726, rpn_cls_loss: 0.187517, rpn_dir_loss: 0.092670, loss_cls: 0.106103, loss: 1.044723
epoch[2][400/1856]: lr: 0.000310, aux_loss_cls: 0.027938, aux_loss_reg: 0.181813, rpn_loc_loss: 0.429116, rpn_cls_loss: 0.203839, rpn_dir_loss: 0.088961, loss_cls: 0.106931, loss: 1.038597
epoch[2][420/1856]: lr: 0.000310, aux_loss_cls: 0.030422, aux_loss_reg: 0.223006, rpn_loc_loss: 0.429589, rpn_cls_loss: 0.204359, rpn_dir_loss: 0.089629, loss_cls: 0.107294, loss: 1.084300
epoch[2][440/1856]: lr: 0.000310, aux_loss_cls: 0.028952, aux_loss_reg: 0.215627, rpn_loc_loss: 0.395278, rpn_cls_loss: 0.184394, rpn_dir_loss: 0.094816, loss_cls: 0.110839, loss: 1.029905
epoch[2][460/1856]: lr: 0.000310, aux_loss_cls: 0.031034, aux_loss_reg: 0.215001, rpn_loc_loss: 0.440030, rpn_cls_loss: 0.185001, rpn_dir_loss: 0.097626, loss_cls: 0.105019, loss: 1.073712
epoch[2][480/1856]: lr: 0.000310, aux_loss_cls: 0.030092, aux_loss_reg: 0.190907, rpn_loc_loss: 0.439308, rpn_cls_loss: 0.196569, rpn_dir_loss: 0.092790, loss_cls: 0.110768, loss: 1.060433
epoch[2][500/1856]: lr: 0.000310, aux_loss_cls: 0.036187, aux_loss_reg: 0.231748, rpn_loc_loss: 0.430217, rpn_cls_loss: 0.200021, rpn_dir_loss: 0.094023, loss_cls: 0.111152, loss: 1.103347
epoch[2][520/1856]: lr: 0.000311, aux_loss_cls: 0.027744, aux_loss_reg: 0.206811, rpn_loc_loss: 0.402776, rpn_cls_loss: 0.179713, rpn_dir_loss: 0.089442, loss_cls: 0.106766, loss: 1.013252
epoch[2][540/1856]: lr: 0.000311, aux_loss_cls: 0.034220, aux_loss_reg: 0.238892, rpn_loc_loss: 0.467791, rpn_cls_loss: 0.197851, rpn_dir_loss: 0.087667, loss_cls: 0.108563, loss: 1.134983
epoch[2][560/1856]: lr: 0.000311, aux_loss_cls: 0.030778, aux_loss_reg: 0.223689, rpn_loc_loss: 0.425081, rpn_cls_loss: 0.184991, rpn_dir_loss: 0.087558, loss_cls: 0.115388, loss: 1.067486
epoch[2][580/1856]: lr: 0.000311, aux_loss_cls: 0.027849, aux_loss_reg: 0.218245, rpn_loc_loss: 0.492684, rpn_cls_loss: 0.195677, rpn_dir_loss: 0.082026, loss_cls: 0.116748, loss: 1.133229
epoch[2][600/1856]: lr: 0.000311, aux_loss_cls: 0.029108, aux_loss_reg: 0.233290, rpn_loc_loss: 0.392313, rpn_cls_loss: 0.181203, rpn_dir_loss: 0.083272, loss_cls: 0.103256, loss: 1.022441
epoch[2][620/1856]: lr: 0.000312, aux_loss_cls: 0.028940, aux_loss_reg: 0.212104, rpn_loc_loss: 0.416088, rpn_cls_loss: 0.183255, rpn_dir_loss: 0.088937, loss_cls: 0.101734, loss: 1.031058
epoch[2][640/1856]: lr: 0.000312, aux_loss_cls: 0.028539, aux_loss_reg: 0.190468, rpn_loc_loss: 0.436186, rpn_cls_loss: 0.180940, rpn_dir_loss: 0.081760, loss_cls: 0.102298, loss: 1.020190
epoch[2][660/1856]: lr: 0.000312, aux_loss_cls: 0.030036, aux_loss_reg: 0.213572, rpn_loc_loss: 0.433710, rpn_cls_loss: 0.193630, rpn_dir_loss: 0.087123, loss_cls: 0.103175, loss: 1.061246
epoch[2][680/1856]: lr: 0.000312, aux_loss_cls: 0.032187, aux_loss_reg: 0.215270, rpn_loc_loss: 0.416647, rpn_cls_loss: 0.182602, rpn_dir_loss: 0.076577, loss_cls: 0.096952, loss: 1.020236
epoch[2][700/1856]: lr: 0.000312, aux_loss_cls: 0.026739, aux_loss_reg: 0.198304, rpn_loc_loss: 0.403221, rpn_cls_loss: 0.187888, rpn_dir_loss: 0.086333, loss_cls: 0.107087, loss: 1.009572
epoch[2][720/1856]: lr: 0.000313, aux_loss_cls: 0.030343, aux_loss_reg: 0.227695, rpn_loc_loss: 0.453108, rpn_cls_loss: 0.188573, rpn_dir_loss: 0.084813, loss_cls: 0.110267, loss: 1.094799
epoch[2][740/1856]: lr: 0.000313, aux_loss_cls: 0.023283, aux_loss_reg: 0.202902, rpn_loc_loss: 0.428699, rpn_cls_loss: 0.186660, rpn_dir_loss: 0.085619, loss_cls: 0.101544, loss: 1.028706
epoch[2][760/1856]: lr: 0.000313, aux_loss_cls: 0.030122, aux_loss_reg: 0.212364, rpn_loc_loss: 0.431901, rpn_cls_loss: 0.193882, rpn_dir_loss: 0.089606, loss_cls: 0.104644, loss: 1.062518
epoch[2][780/1856]: lr: 0.000313, aux_loss_cls: 0.029583, aux_loss_reg: 0.222522, rpn_loc_loss: 0.449324, rpn_cls_loss: 0.193596, rpn_dir_loss: 0.080325, loss_cls: 0.116288, loss: 1.091639
epoch[2][800/1856]: lr: 0.000313, aux_loss_cls: 0.027840, aux_loss_reg: 0.213143, rpn_loc_loss: 0.475944, rpn_cls_loss: 0.212269, rpn_dir_loss: 0.081674, loss_cls: 0.109988, loss: 1.120859
epoch[2][820/1856]: lr: 0.000313, aux_loss_cls: 0.022406, aux_loss_reg: 0.192670, rpn_loc_loss: 0.383847, rpn_cls_loss: 0.162558, rpn_dir_loss: 0.078795, loss_cls: 0.093362, loss: 0.933639
epoch[2][840/1856]: lr: 0.000314, aux_loss_cls: 0.027625, aux_loss_reg: 0.212172, rpn_loc_loss: 0.433780, rpn_cls_loss: 0.180352, rpn_dir_loss: 0.075255, loss_cls: 0.097022, loss: 1.026206
epoch[2][860/1856]: lr: 0.000314, aux_loss_cls: 0.034517, aux_loss_reg: 0.209978, rpn_loc_loss: 0.473684, rpn_cls_loss: 0.191594, rpn_dir_loss: 0.084537, loss_cls: 0.115307, loss: 1.109617
epoch[2][880/1856]: lr: 0.000314, aux_loss_cls: 0.028369, aux_loss_reg: 0.209794, rpn_loc_loss: 0.413644, rpn_cls_loss: 0.176407, rpn_dir_loss: 0.091490, loss_cls: 0.108190, loss: 1.027893
epoch[2][900/1856]: lr: 0.000314, aux_loss_cls: 0.030668, aux_loss_reg: 0.210881, rpn_loc_loss: 0.426897, rpn_cls_loss: 0.189459, rpn_dir_loss: 0.078682, loss_cls: 0.102531, loss: 1.039118
epoch[2][920/1856]: lr: 0.000315, aux_loss_cls: 0.035954, aux_loss_reg: 0.222396, rpn_loc_loss: 0.427111, rpn_cls_loss: 0.199737, rpn_dir_loss: 0.088587, loss_cls: 0.105483, loss: 1.079269
epoch[2][940/1856]: lr: 0.000315, aux_loss_cls: 0.029587, aux_loss_reg: 0.202287, rpn_loc_loss: 0.436172, rpn_cls_loss: 0.183329, rpn_dir_loss: 0.093991, loss_cls: 0.112469, loss: 1.057835
epoch[2][960/1856]: lr: 0.000315, aux_loss_cls: 0.029443, aux_loss_reg: 0.216757, rpn_loc_loss: 0.412803, rpn_cls_loss: 0.183645, rpn_dir_loss: 0.087098, loss_cls: 0.106618, loss: 1.036365
epoch[2][980/1856]: lr: 0.000315, aux_loss_cls: 0.031172, aux_loss_reg: 0.221072, rpn_loc_loss: 0.453248, rpn_cls_loss: 0.192860, rpn_dir_loss: 0.080275, loss_cls: 0.112540, loss: 1.091168
epoch[2][1000/1856]: lr: 0.000315, aux_loss_cls: 0.027660, aux_loss_reg: 0.191871, rpn_loc_loss: 0.401871, rpn_cls_loss: 0.159148, rpn_dir_loss: 0.070601, loss_cls: 0.103524, loss: 0.954675
epoch[2][1020/1856]: lr: 0.000316, aux_loss_cls: 0.026427, aux_loss_reg: 0.170505, rpn_loc_loss: 0.393253, rpn_cls_loss: 0.164986, rpn_dir_loss: 0.076498, loss_cls: 0.100211, loss: 0.931880
epoch[2][1040/1856]: lr: 0.000316, aux_loss_cls: 0.027625, aux_loss_reg: 0.189286, rpn_loc_loss: 0.430887, rpn_cls_loss: 0.193651, rpn_dir_loss: 0.081432, loss_cls: 0.108390, loss: 1.031272
epoch[2][1060/1856]: lr: 0.000316, aux_loss_cls: 0.030453, aux_loss_reg: 0.211165, rpn_loc_loss: 0.448932, rpn_cls_loss: 0.195208, rpn_dir_loss: 0.077748, loss_cls: 0.111111, loss: 1.074616
epoch[2][1080/1856]: lr: 0.000316, aux_loss_cls: 0.031868, aux_loss_reg: 0.243542, rpn_loc_loss: 0.443356, rpn_cls_loss: 0.190856, rpn_dir_loss: 0.082444, loss_cls: 0.105014, loss: 1.097079
epoch[2][1100/1856]: lr: 0.000316, aux_loss_cls: 0.029590, aux_loss_reg: 0.205961, rpn_loc_loss: 0.372060, rpn_cls_loss: 0.170955, rpn_dir_loss: 0.075023, loss_cls: 0.099132, loss: 0.952720
epoch[2][1120/1856]: lr: 0.000317, aux_loss_cls: 0.026988, aux_loss_reg: 0.185736, rpn_loc_loss: 0.386224, rpn_cls_loss: 0.149719, rpn_dir_loss: 0.071609, loss_cls: 0.089745, loss: 0.910020
epoch[2][1140/1856]: lr: 0.000317, aux_loss_cls: 0.026582, aux_loss_reg: 0.195384, rpn_loc_loss: 0.394719, rpn_cls_loss: 0.165505, rpn_dir_loss: 0.083996, loss_cls: 0.096061, loss: 0.962247
epoch[2][1160/1856]: lr: 0.000317, aux_loss_cls: 0.026999, aux_loss_reg: 0.186233, rpn_loc_loss: 0.401378, rpn_cls_loss: 0.179496, rpn_dir_loss: 0.084088, loss_cls: 0.098645, loss: 0.976838
epoch[2][1180/1856]: lr: 0.000317, aux_loss_cls: 0.027392, aux_loss_reg: 0.196650, rpn_loc_loss: 0.407876, rpn_cls_loss: 0.178353, rpn_dir_loss: 0.083349, loss_cls: 0.099957, loss: 0.993577
epoch[2][1200/1856]: lr: 0.000318, aux_loss_cls: 0.028314, aux_loss_reg: 0.213461, rpn_loc_loss: 0.399847, rpn_cls_loss: 0.178080, rpn_dir_loss: 0.080342, loss_cls: 0.098831, loss: 0.998875
epoch[2][1220/1856]: lr: 0.000318, aux_loss_cls: 0.028976, aux_loss_reg: 0.208664, rpn_loc_loss: 0.443919, rpn_cls_loss: 0.195332, rpn_dir_loss: 0.085489, loss_cls: 0.106224, loss: 1.068604
epoch[2][1240/1856]: lr: 0.000318, aux_loss_cls: 0.028707, aux_loss_reg: 0.207858, rpn_loc_loss: 0.411070, rpn_cls_loss: 0.186431, rpn_dir_loss: 0.080767, loss_cls: 0.102690, loss: 1.017524
epoch[2][1260/1856]: lr: 0.000318, aux_loss_cls: 0.027869, aux_loss_reg: 0.214774, rpn_loc_loss: 0.416019, rpn_cls_loss: 0.165616, rpn_dir_loss: 0.076931, loss_cls: 0.094418, loss: 0.995627
epoch[2][1280/1856]: lr: 0.000319, aux_loss_cls: 0.025904, aux_loss_reg: 0.198765, rpn_loc_loss: 0.386577, rpn_cls_loss: 0.170743, rpn_dir_loss: 0.068870, loss_cls: 0.087586, loss: 0.938445
epoch[2][1300/1856]: lr: 0.000319, aux_loss_cls: 0.027152, aux_loss_reg: 0.189684, rpn_loc_loss: 0.425672, rpn_cls_loss: 0.186999, rpn_dir_loss: 0.078805, loss_cls: 0.096494, loss: 1.004806
